# JRE version: Java(TM) SE Runtime Environment (8.0_40-b26) (build 1.8.0_40-b26)
# Java VM: Java HotSpot(TM) 64-Bit Server VM (25.40-b25 mixed mode windows-amd64 compressed oops)
Heap:
 PSYoungGen      total 142848K, used 128512K [0x00000000eab00000, 0x00000000fd600000, 0x0000000100000000)
  eden space 128512K, 100% used [0x00000000eab00000,0x00000000f2880000,0x00000000f2880000)
  from space 14336K, 0% used [0x00000000f2880000,0x00000000f2880000,0x00000000f3680000)
  to   space 24576K, 0% used [0x00000000fbe00000,0x00000000fbe00000,0x00000000fd600000)
 ParOldGen       total 44032K, used 43647K [0x00000000c0000000, 0x00000000c2b00000, 0x00000000eab00000)
  object space 44032K, 99% used [0x00000000c0000000,0x00000000c2a9fed0,0x00000000c2b00000)
 Metaspace       used 6102K, capacity 7216K, committed 7296K, reserved 1056768K
  class space    used 577K, capacity 616K, committed 640K, reserved 1048576K
GC Heap History (10 events):
Event: 9.708 GC heap after
Heap after GC invocations=15 (full 8):
 PSYoungGen      total 142848K, used 87520K [0x00000000eab00000, 0x00000000fd600000, 0x0000000100000000)
  eden space 128512K, 68% used [0x00000000eab00000,0x00000000f0078328,0x00000000f2880000)
  from space 14336K, 0% used [0x00000000f2880000,0x00000000f2880000,0x00000000f3680000)
  to   space 24576K, 0% used [0x00000000fbe00000,0x00000000fbe00000,0x00000000fd600000)
 ParOldGen       total 44032K, used 43648K [0x00000000c0000000, 0x00000000c2b00000, 0x00000000eab00000)
  object space 44032K, 99% used [0x00000000c0000000,0x00000000c2aa0010,0x00000000c2b00000)
 Metaspace       used 6099K, capacity 7216K, committed 7296K, reserved 1056768K
  class space    used 577K, capacity 616K, committed 640K, reserved 1048576K
}
Event: 9.897 GC heap before
{Heap before GC invocations=16 (full 9):
 PSYoungGen      total 142848K, used 128512K [0x00000000eab00000, 0x00000000fd600000, 0x0000000100000000)
  eden space 128512K, 100% used [0x00000000eab00000,0x00000000f2880000,0x00000000f2880000)
  from space 14336K, 0% used [0x00000000f2880000,0x00000000f2880000,0x00000000f3680000)
  to   space 24576K, 0% used [0x00000000fbe00000,0x00000000fbe00000,0x00000000fd600000)
 ParOldGen       total 44032K, used 43648K [0x00000000c0000000, 0x00000000c2b00000, 0x00000000eab00000)
  object space 44032K, 99% used [0x00000000c0000000,0x00000000c2aa0010,0x00000000c2b00000)
 Metaspace       used 6099K, capacity 7216K, committed 7296K, reserved 1056768K
  class space    used 577K, capacity 616K, committed 640K, reserved 1048576K
Event: 10.314 GC heap after
Heap after GC invocations=16 (full 9):
 PSYoungGen      total 142848K, used 93239K [0x00000000eab00000, 0x00000000fd600000, 0x0000000100000000)
  eden space 128512K, 72% used [0x00000000eab00000,0x00000000f060dc80,0x00000000f2880000)
  from space 14336K, 0% used [0x00000000f2880000,0x00000000f2880000,0x00000000f3680000)
  to   space 24576K, 0% used [0x00000000fbe00000,0x00000000fbe00000,0x00000000fd600000)
 ParOldGen       total 44032K, used 43648K [0x00000000c0000000, 0x00000000c2b00000, 0x00000000eab00000)
  object space 44032K, 99% used [0x00000000c0000000,0x00000000c2aa0010,0x00000000c2b00000)
 Metaspace       used 6099K, capacity 7216K, committed 7296K, reserved 1056768K
  class space    used 577K, capacity 616K, committed 640K, reserved 1048576K
}
Event: 10.462 GC heap before
{Heap before GC invocations=17 (full 10):
 PSYoungGen      total 142848K, used 128512K [0x00000000eab00000, 0x00000000fd600000, 0x0000000100000000)
  eden space 128512K, 100% used [0x00000000eab00000,0x00000000f2880000,0x00000000f2880000)
  from space 14336K, 0% used [0x00000000f2880000,0x00000000f2880000,0x00000000f3680000)
  to   space 24576K, 0% used [0x00000000fbe00000,0x00000000fbe00000,0x00000000fd600000)
 ParOldGen       total 44032K, used 43648K [0x00000000c0000000, 0x00000000c2b00000, 0x00000000eab00000)
  object space 44032K, 99% used [0x00000000c0000000,0x00000000c2aa0010,0x00000000c2b00000)
 Metaspace       used 6100K, capacity 7216K, committed 7296K, reserved 1056768K
  class space    used 577K, capacity 616K, committed 640K, reserved 1048576K
Event: 10.877 GC heap after
Heap after GC invocations=17 (full 10):
 PSYoungGen      total 142848K, used 98329K [0x00000000eab00000, 0x00000000fd600000, 0x0000000100000000)
  eden space 128512K, 76% used [0x00000000eab00000,0x00000000f0b067b8,0x00000000f2880000)
  from space 14336K, 0% used [0x00000000f2880000,0x00000000f2880000,0x00000000f3680000)
  to   space 24576K, 0% used [0x00000000fbe00000,0x00000000fbe00000,0x00000000fd600000)
 ParOldGen       total 44032K, used 43647K [0x00000000c0000000, 0x00000000c2b00000, 0x00000000eab00000)
  object space 44032K, 99% used [0x00000000c0000000,0x00000000c2a9fed0,0x00000000c2b00000)
 Metaspace       used 6100K, capacity 7216K, committed 7296K, reserved 1056768K
  class space    used 577K, capacity 616K, committed 640K, reserved 1048576K
}
Event: 11.028 GC heap before
{Heap before GC invocations=18 (full 11):
 PSYoungGen      total 142848K, used 128512K [0x00000000eab00000, 0x00000000fd600000, 0x0000000100000000)
  eden space 128512K, 100% used [0x00000000eab00000,0x00000000f2880000,0x00000000f2880000)
  from space 14336K, 0% used [0x00000000f2880000,0x00000000f2880000,0x00000000f3680000)
  to   space 24576K, 0% used [0x00000000fbe00000,0x00000000fbe00000,0x00000000fd600000)
 ParOldGen       total 44032K, used 43647K [0x00000000c0000000, 0x00000000c2b00000, 0x00000000eab00000)
  object space 44032K, 99% used [0x00000000c0000000,0x00000000c2a9fed0,0x00000000c2b00000)
 Metaspace       used 6100K, capacity 7216K, committed 7296K, reserved 1056768K
  class space    used 577K, capacity 616K, committed 640K, reserved 1048576K
Event: 11.352 GC heap after
Heap after GC invocations=18 (full 11):
 PSYoungGen      total 142848K, used 102911K [0x00000000eab00000, 0x00000000fd600000, 0x0000000100000000)
  eden space 128512K, 80% used [0x00000000eab00000,0x00000000f0f7ff08,0x00000000f2880000)
  from space 14336K, 0% used [0x00000000f2880000,0x00000000f2880000,0x00000000f3680000)
  to   space 24576K, 0% used [0x00000000fbe00000,0x00000000fbe00000,0x00000000fd600000)
 ParOldGen       total 44032K, used 43647K [0x00000000c0000000, 0x00000000c2b00000, 0x00000000eab00000)
  object space 44032K, 99% used [0x00000000c0000000,0x00000000c2a9fed0,0x00000000c2b00000)
 Metaspace       used 6100K, capacity 7216K, committed 7296K, reserved 1056768K
  class space    used 577K, capacity 616K, committed 640K, reserved 1048576K
}
Event: 11.479 GC heap before
{Heap before GC invocations=19 (full 12):
 PSYoungGen      total 142848K, used 128512K [0x00000000eab00000, 0x00000000fd600000, 0x0000000100000000)
  eden space 128512K, 100% used [0x00000000eab00000,0x00000000f2880000,0x00000000f2880000)
  from space 14336K, 0% used [0x00000000f2880000,0x00000000f2880000,0x00000000f3680000)
  to   space 24576K, 0% used [0x00000000fbe00000,0x00000000fbe00000,0x00000000fd600000)
 ParOldGen       total 44032K, used 43647K [0x00000000c0000000, 0x00000000c2b00000, 0x00000000eab00000)
  object space 44032K, 99% used [0x00000000c0000000,0x00000000c2a9fed0,0x00000000c2b00000)
 Metaspace       used 6101K, capacity 7216K, committed 7296K, reserved 1056768K
  class space    used 577K, capacity 616K, committed 640K, reserved 1048576K
Event: 11.913 GC heap after
Heap after GC invocations=19 (full 12):
 PSYoungGen      total 142848K, used 106531K [0x00000000eab00000, 0x00000000fd600000, 0x0000000100000000)
  eden space 128512K, 82% used [0x00000000eab00000,0x00000000f1308da8,0x00000000f2880000)
  from space 14336K, 0% used [0x00000000f2880000,0x00000000f2880000,0x00000000f3680000)
  to   space 24576K, 0% used [0x00000000fbe00000,0x00000000fbe00000,0x00000000fd600000)
 ParOldGen       total 44032K, used 43647K [0x00000000c0000000, 0x00000000c2b00000, 0x00000000eab00000)
  object space 44032K, 99% used [0x00000000c0000000,0x00000000c2a9fed0,0x00000000c2b00000)
 Metaspace       used 6101K, capacity 7216K, committed 7296K, reserved 1056768K
  class space    used 577K, capacity 616K, committed 640K, reserved 1048576K
}
Event: 12.026 GC heap before
{Heap before GC invocations=20 (full 13):
 PSYoungGen      total 142848K, used 128512K [0x00000000eab00000, 0x00000000fd600000, 0x0000000100000000)
  eden space 128512K, 100% used [0x00000000eab00000,0x00000000f2880000,0x00000000f2880000)
  from space 14336K, 0% used [0x00000000f2880000,0x00000000f2880000,0x00000000f3680000)
  to   space 24576K, 0% used [0x00000000fbe00000,0x00000000fbe00000,0x00000000fd600000)
 ParOldGen       total 44032K, used 43647K [0x00000000c0000000, 0x00000000c2b00000, 0x00000000eab00000)
  object space 44032K, 99% used [0x00000000c0000000,0x00000000c2a9fed0,0x00000000c2b00000)
 Metaspace       used 6102K, capacity 7216K, committed 7296K, reserved 1056768K
  class space    used 577K, capacity 616K, committed 640K, reserved 1048576K

