# JRE version: Java(TM) SE Runtime Environment (8.0_40-b26) (build 1.8.0_40-b26)
# Java VM: Java HotSpot(TM) 64-Bit Server VM (25.40-b25 mixed mode windows-amd64 compressed oops)
Heap:
 PSYoungGen      total 68096K, used 17820K [0x00000000eab00000, 0x00000000f2800000, 0x0000000100000000)
  eden space 65536K, 27% used [0x00000000eab00000,0x00000000ebc671b8,0x00000000eeb00000)
  from space 2560K, 0% used [0x00000000eeb00000,0x00000000eeb00000,0x00000000eed80000)
  to   space 16896K, 0% used [0x00000000f1780000,0x00000000f1780000,0x00000000f2800000)
 ParOldGen       total 69120K, used 50313K [0x00000000c0000000, 0x00000000c4380000, 0x00000000eab00000)
  object space 69120K, 72% used [0x00000000c0000000,0x00000000c3122610,0x00000000c4380000)
 Metaspace       used 6516K, capacity 7568K, committed 7936K, reserved 1056768K
  class space    used 598K, capacity 648K, committed 768K, reserved 1048576K
GC Heap History (10 events):
Event: 12.900 GC heap before
{Heap before GC invocations=7 (full 1):
 PSYoungGen      total 68096K, used 2535K [0x00000000eab00000, 0x00000000ef000000, 0x0000000100000000)
  eden space 65536K, 0% used [0x00000000eab00000,0x00000000eab00000,0x00000000eeb00000)
  from space 2560K, 99% used [0x00000000eed80000,0x00000000eeff9f20,0x00000000ef000000)
  to   space 2560K, 0% used [0x00000000eeb00000,0x00000000eeb00000,0x00000000eed80000)
 ParOldGen       total 44032K, used 37068K [0x00000000c0000000, 0x00000000c2b00000, 0x00000000eab00000)
  object space 44032K, 84% used [0x00000000c0000000,0x00000000c2433028,0x00000000c2b00000)
 Metaspace       used 5962K, capacity 7152K, committed 7296K, reserved 1056768K
  class space    used 558K, capacity 616K, committed 640K, reserved 1048576K
Event: 13.264 GC heap after
Heap after GC invocations=7 (full 1):
 PSYoungGen      total 68096K, used 0K [0x00000000eab00000, 0x00000000ef000000, 0x0000000100000000)
  eden space 65536K, 0% used [0x00000000eab00000,0x00000000eab00000,0x00000000eeb00000)
  from space 2560K, 0% used [0x00000000eed80000,0x00000000eed80000,0x00000000ef000000)
  to   space 2560K, 0% used [0x00000000eeb00000,0x00000000eeb00000,0x00000000eed80000)
 ParOldGen       total 69120K, used 35300K [0x00000000c0000000, 0x00000000c4380000, 0x00000000eab00000)
  object space 69120K, 51% used [0x00000000c0000000,0x00000000c22793c8,0x00000000c4380000)
 Metaspace       used 5962K, capacity 7152K, committed 7296K, reserved 1056768K
  class space    used 558K, capacity 616K, committed 640K, reserved 1048576K
}
Event: 13.901 GC heap before
{Heap before GC invocations=8 (full 1):
 PSYoungGen      total 68096K, used 65536K [0x00000000eab00000, 0x00000000ef000000, 0x0000000100000000)
  eden space 65536K, 100% used [0x00000000eab00000,0x00000000eeb00000,0x00000000eeb00000)
  from space 2560K, 0% used [0x00000000eed80000,0x00000000eed80000,0x00000000ef000000)
  to   space 2560K, 0% used [0x00000000eeb00000,0x00000000eeb00000,0x00000000eed80000)
 ParOldGen       total 69120K, used 35300K [0x00000000c0000000, 0x00000000c4380000, 0x00000000eab00000)
  object space 69120K, 51% used [0x00000000c0000000,0x00000000c22793c8,0x00000000c4380000)
 Metaspace       used 6069K, capacity 7152K, committed 7296K, reserved 1056768K
  class space    used 576K, capacity 616K, committed 640K, reserved 1048576K
Event: 13.930 GC heap after
Heap after GC invocations=8 (full 1):
 PSYoungGen      total 68096K, used 2560K [0x00000000eab00000, 0x00000000ef000000, 0x0000000100000000)
  eden space 65536K, 0% used [0x00000000eab00000,0x00000000eab00000,0x00000000eeb00000)
  from space 2560K, 100% used [0x00000000eeb00000,0x00000000eed80000,0x00000000eed80000)
  to   space 2560K, 0% used [0x00000000eed80000,0x00000000eed80000,0x00000000ef000000)
 ParOldGen       total 69120K, used 43140K [0x00000000c0000000, 0x00000000c4380000, 0x00000000eab00000)
  object space 69120K, 62% used [0x00000000c0000000,0x00000000c2a21190,0x00000000c4380000)
 Metaspace       used 6069K, capacity 7152K, committed 7296K, reserved 1056768K
  class space    used 576K, capacity 616K, committed 640K, reserved 1048576K
}
Event: 14.249 GC heap before
{Heap before GC invocations=9 (full 1):
 PSYoungGen      total 68096K, used 68096K [0x00000000eab00000, 0x00000000ef000000, 0x0000000100000000)
  eden space 65536K, 100% used [0x00000000eab00000,0x00000000eeb00000,0x00000000eeb00000)
  from space 2560K, 100% used [0x00000000eeb00000,0x00000000eed80000,0x00000000eed80000)
  to   space 2560K, 0% used [0x00000000eed80000,0x00000000eed80000,0x00000000ef000000)
 ParOldGen       total 69120K, used 43140K [0x00000000c0000000, 0x00000000c4380000, 0x00000000eab00000)
  object space 69120K, 62% used [0x00000000c0000000,0x00000000c2a21190,0x00000000c4380000)
 Metaspace       used 6071K, capacity 7152K, committed 7296K, reserved 1056768K
  class space    used 576K, capacity 616K, committed 640K, reserved 1048576K
Event: 14.284 GC heap after
Heap after GC invocations=9 (full 1):
 PSYoungGen      total 68096K, used 2550K [0x00000000eab00000, 0x00000000ef000000, 0x0000000100000000)
  eden space 65536K, 0% used [0x00000000eab00000,0x00000000eab00000,0x00000000eeb00000)
  from space 2560K, 99% used [0x00000000eed80000,0x00000000eeffd920,0x00000000ef000000)
  to   space 2560K, 0% used [0x00000000eeb00000,0x00000000eeb00000,0x00000000eed80000)
 ParOldGen       total 69120K, used 52556K [0x00000000c0000000, 0x00000000c4380000, 0x00000000eab00000)
  object space 69120K, 76% used [0x00000000c0000000,0x00000000c33533d8,0x00000000c4380000)
 Metaspace       used 6071K, capacity 7152K, committed 7296K, reserved 1056768K
  class space    used 576K, capacity 616K, committed 640K, reserved 1048576K
}
Event: 15.217 GC heap before
{Heap before GC invocations=10 (full 1):
 PSYoungGen      total 68096K, used 68086K [0x00000000eab00000, 0x00000000ef000000, 0x0000000100000000)
  eden space 65536K, 100% used [0x00000000eab00000,0x00000000eeb00000,0x00000000eeb00000)
  from space 2560K, 99% used [0x00000000eed80000,0x00000000eeffd920,0x00000000ef000000)
  to   space 2560K, 0% used [0x00000000eeb00000,0x00000000eeb00000,0x00000000eed80000)
 ParOldGen       total 69120K, used 52556K [0x00000000c0000000, 0x00000000c4380000, 0x00000000eab00000)
  object space 69120K, 76% used [0x00000000c0000000,0x00000000c33533d8,0x00000000c4380000)
 Metaspace       used 6387K, capacity 7408K, committed 7552K, reserved 1056768K
  class space    used 595K, capacity 616K, committed 640K, reserved 1048576K
Event: 15.259 GC heap after
Heap after GC invocations=10 (full 1):
 PSYoungGen      total 68096K, used 2535K [0x00000000eab00000, 0x00000000f2800000, 0x0000000100000000)
  eden space 65536K, 0% used [0x00000000eab00000,0x00000000eab00000,0x00000000eeb00000)
  from space 2560K, 99% used [0x00000000eeb00000,0x00000000eed79e08,0x00000000eed80000)
  to   space 16896K, 0% used [0x00000000f1780000,0x00000000f1780000,0x00000000f2800000)
 ParOldGen       total 69120K, used 62897K [0x00000000c0000000, 0x00000000c4380000, 0x00000000eab00000)
  object space 69120K, 90% used [0x00000000c0000000,0x00000000c3d6c5e0,0x00000000c4380000)
 Metaspace       used 6387K, capacity 7408K, committed 7552K, reserved 1056768K
  class space    used 595K, capacity 616K, committed 640K, reserved 1048576K
}
Event: 15.259 GC heap before
{Heap before GC invocations=11 (full 2):
 PSYoungGen      total 68096K, used 2535K [0x00000000eab00000, 0x00000000f2800000, 0x0000000100000000)
  eden space 65536K, 0% used [0x00000000eab00000,0x00000000eab00000,0x00000000eeb00000)
  from space 2560K, 99% used [0x00000000eeb00000,0x00000000eed79e08,0x00000000eed80000)
  to   space 16896K, 0% used [0x00000000f1780000,0x00000000f1780000,0x00000000f2800000)
 ParOldGen       total 69120K, used 62897K [0x00000000c0000000, 0x00000000c4380000, 0x00000000eab00000)
  object space 69120K, 90% used [0x00000000c0000000,0x00000000c3d6c5e0,0x00000000c4380000)
 Metaspace       used 6387K, capacity 7408K, committed 7552K, reserved 1056768K
  class space    used 595K, capacity 616K, committed 640K, reserved 1048576K
Event: 15.686 GC heap after
Heap after GC invocations=11 (full 2):
 PSYoungGen      total 68096K, used 0K [0x00000000eab00000, 0x00000000f2800000, 0x0000000100000000)
  eden space 65536K, 0% used [0x00000000eab00000,0x00000000eab00000,0x00000000eeb00000)
  from space 2560K, 0% used [0x00000000eeb00000,0x00000000eeb00000,0x00000000eed80000)
  to   space 16896K, 0% used [0x00000000f1780000,0x00000000f1780000,0x00000000f2800000)
 ParOldGen       total 69120K, used 50313K [0x00000000c0000000, 0x00000000c4380000, 0x00000000eab00000)
  object space 69120K, 72% used [0x00000000c0000000,0x00000000c3122610,0x00000000c4380000)
 Metaspace       used 6387K, capacity 7408K, committed 7552K, reserved 1056768K
  class space    used 595K, capacity 616K, committed 640K, reserved 1048576K
}

