# JRE version: Java(TM) SE Runtime Environment (8.0_40-b26) (build 1.8.0_40-b26)
# Java VM: Java HotSpot(TM) 64-Bit Server VM (25.40-b25 mixed mode windows-amd64 compressed oops)
Heap:
 PSYoungGen      total 279040K, used 19069K [0x00000000eab00000, 0x0000000100000000, 0x0000000100000000)
  eden space 228352K, 0% used [0x00000000eab00000,0x00000000eacab330,0x00000000f8a00000)
  from space 50688K, 34% used [0x00000000f8a00000,0x00000000f9af42f8,0x00000000fbb80000)
  to   space 54784K, 0% used [0x00000000fca80000,0x00000000fca80000,0x0000000100000000)
 ParOldGen       total 238592K, used 145868K [0x00000000c0000000, 0x00000000ce900000, 0x00000000eab00000)
  object space 238592K, 61% used [0x00000000c0000000,0x00000000c8e732e0,0x00000000ce900000)
 Metaspace       used 6512K, capacity 7320K, committed 7680K, reserved 1056768K
  class space    used 615K, capacity 656K, committed 768K, reserved 1048576K
GC Heap History (10 events):
Event: 5.481 GC heap before
{Heap before GC invocations=10 (full 1):
 PSYoungGen      total 207872K, used 207862K [0x00000000eab00000, 0x00000000fd700000, 0x0000000100000000)
  eden space 183808K, 100% used [0x00000000eab00000,0x00000000f5e80000,0x00000000f5e80000)
  from space 24064K, 99% used [0x00000000fbf80000,0x00000000fd6fd868,0x00000000fd700000)
  to   space 28160K, 0% used [0x00000000fa000000,0x00000000fa000000,0x00000000fbb80000)
 ParOldGen       total 83456K, used 44656K [0x00000000c0000000, 0x00000000c5180000, 0x00000000eab00000)
  object space 83456K, 53% used [0x00000000c0000000,0x00000000c2b9c0d8,0x00000000c5180000)
 Metaspace       used 6371K, capacity 7220K, committed 7296K, reserved 1056768K
  class space    used 606K, capacity 620K, committed 640K, reserved 1048576K
Event: 5.604 GC heap after
Heap after GC invocations=10 (full 1):
 PSYoungGen      total 262656K, used 28157K [0x00000000eab00000, 0x00000000fe300000, 0x0000000100000000)
  eden space 234496K, 0% used [0x00000000eab00000,0x00000000eab00000,0x00000000f9000000)
  from space 28160K, 99% used [0x00000000fa000000,0x00000000fbb7f778,0x00000000fbb80000)
  to   space 40448K, 0% used [0x00000000fbb80000,0x00000000fbb80000,0x00000000fe300000)
 ParOldGen       total 83456K, used 67903K [0x00000000c0000000, 0x00000000c5180000, 0x00000000eab00000)
  object space 83456K, 81% used [0x00000000c0000000,0x00000000c424fd78,0x00000000c5180000)
 Metaspace       used 6371K, capacity 7220K, committed 7296K, reserved 1056768K
  class space    used 606K, capacity 620K, committed 640K, reserved 1048576K
}
Event: 5.604 GC heap before
{Heap before GC invocations=11 (full 2):
 PSYoungGen      total 262656K, used 28157K [0x00000000eab00000, 0x00000000fe300000, 0x0000000100000000)
  eden space 234496K, 0% used [0x00000000eab00000,0x00000000eab00000,0x00000000f9000000)
  from space 28160K, 99% used [0x00000000fa000000,0x00000000fbb7f778,0x00000000fbb80000)
  to   space 40448K, 0% used [0x00000000fbb80000,0x00000000fbb80000,0x00000000fe300000)
 ParOldGen       total 83456K, used 67903K [0x00000000c0000000, 0x00000000c5180000, 0x00000000eab00000)
  object space 83456K, 81% used [0x00000000c0000000,0x00000000c424fd78,0x00000000c5180000)
 Metaspace       used 6371K, capacity 7220K, committed 7296K, reserved 1056768K
  class space    used 606K, capacity 620K, committed 640K, reserved 1048576K
Event: 6.281 GC heap after
Heap after GC invocations=11 (full 2):
 PSYoungGen      total 262656K, used 10210K [0x00000000eab00000, 0x00000000fe300000, 0x0000000100000000)
  eden space 234496K, 0% used [0x00000000eab00000,0x00000000eab00000,0x00000000f9000000)
  from space 28160K, 36% used [0x00000000fa000000,0x00000000fa9f8aa0,0x00000000fbb80000)
  to   space 40448K, 0% used [0x00000000fbb80000,0x00000000fbb80000,0x00000000fe300000)
 ParOldGen       total 146944K, used 83292K [0x00000000c0000000, 0x00000000c8f80000, 0x00000000eab00000)
  object space 146944K, 56% used [0x00000000c0000000,0x00000000c51572e0,0x00000000c8f80000)
 Metaspace       used 6371K, capacity 7220K, committed 7296K, reserved 1056768K
  class space    used 606K, capacity 620K, committed 640K, reserved 1048576K
}
Event: 7.582 GC heap before
{Heap before GC invocations=12 (full 2):
 PSYoungGen      total 262656K, used 244706K [0x00000000eab00000, 0x00000000fe300000, 0x0000000100000000)
  eden space 234496K, 100% used [0x00000000eab00000,0x00000000f9000000,0x00000000f9000000)
  from space 28160K, 36% used [0x00000000fa000000,0x00000000fa9f8aa0,0x00000000fbb80000)
  to   space 40448K, 0% used [0x00000000fbb80000,0x00000000fbb80000,0x00000000fe300000)
 ParOldGen       total 146944K, used 83292K [0x00000000c0000000, 0x00000000c8f80000, 0x00000000eab00000)
  object space 146944K, 56% used [0x00000000c0000000,0x00000000c51572e0,0x00000000c8f80000)
 Metaspace       used 6380K, capacity 7220K, committed 7296K, reserved 1056768K
  class space    used 607K, capacity 620K, committed 640K, reserved 1048576K
Event: 7.709 GC heap after
Heap after GC invocations=12 (full 2):
 PSYoungGen      total 268800K, used 40428K [0x00000000eab00000, 0x0000000100000000, 0x0000000100000000)
  eden space 228352K, 0% used [0x00000000eab00000,0x00000000eab00000,0x00000000f8a00000)
  from space 40448K, 99% used [0x00000000fbb80000,0x00000000fe2fb280,0x00000000fe300000)
  to   space 50688K, 0% used [0x00000000f8a00000,0x00000000f8a00000,0x00000000fbb80000)
 ParOldGen       total 146944K, used 90033K [0x00000000c0000000, 0x00000000c8f80000, 0x00000000eab00000)
  object space 146944K, 61% used [0x00000000c0000000,0x00000000c57ec7f8,0x00000000c8f80000)
 Metaspace       used 6380K, capacity 7220K, committed 7296K, reserved 1056768K
  class space    used 607K, capacity 620K, committed 640K, reserved 1048576K
}
Event: 8.790 GC heap before
{Heap before GC invocations=13 (full 2):
 PSYoungGen      total 268800K, used 268780K [0x00000000eab00000, 0x0000000100000000, 0x0000000100000000)
  eden space 228352K, 100% used [0x00000000eab00000,0x00000000f8a00000,0x00000000f8a00000)
  from space 40448K, 99% used [0x00000000fbb80000,0x00000000fe2fb280,0x00000000fe300000)
  to   space 50688K, 0% used [0x00000000f8a00000,0x00000000f8a00000,0x00000000fbb80000)
 ParOldGen       total 146944K, used 90033K [0x00000000c0000000, 0x00000000c8f80000, 0x00000000eab00000)
  object space 146944K, 61% used [0x00000000c0000000,0x00000000c57ec7f8,0x00000000c8f80000)
 Metaspace       used 6494K, capacity 7320K, committed 7680K, reserved 1056768K
  class space    used 615K, capacity 656K, committed 768K, reserved 1048576K
Event: 8.939 GC heap after
Heap after GC invocations=13 (full 2):
 PSYoungGen      total 279040K, used 38034K [0x00000000eab00000, 0x0000000100000000, 0x0000000100000000)
  eden space 228352K, 0% used [0x00000000eab00000,0x00000000eab00000,0x00000000f8a00000)
  from space 50688K, 75% used [0x00000000f8a00000,0x00000000faf24bd8,0x00000000fbb80000)
  to   space 54784K, 0% used [0x00000000fca80000,0x00000000fca80000,0x0000000100000000)
 ParOldGen       total 146944K, used 129400K [0x00000000c0000000, 0x00000000c8f80000, 0x00000000eab00000)
  object space 146944K, 88% used [0x00000000c0000000,0x00000000c7e5e010,0x00000000c8f80000)
 Metaspace       used 6494K, capacity 7320K, committed 7680K, reserved 1056768K
  class space    used 615K, capacity 656K, committed 768K, reserved 1048576K
}
Event: 8.939 GC heap before
{Heap before GC invocations=14 (full 3):
 PSYoungGen      total 279040K, used 38034K [0x00000000eab00000, 0x0000000100000000, 0x0000000100000000)
  eden space 228352K, 0% used [0x00000000eab00000,0x00000000eab00000,0x00000000f8a00000)
  from space 50688K, 75% used [0x00000000f8a00000,0x00000000faf24bd8,0x00000000fbb80000)
  to   space 54784K, 0% used [0x00000000fca80000,0x00000000fca80000,0x0000000100000000)
 ParOldGen       total 146944K, used 129400K [0x00000000c0000000, 0x00000000c8f80000, 0x00000000eab00000)
  object space 146944K, 88% used [0x00000000c0000000,0x00000000c7e5e010,0x00000000c8f80000)
 Metaspace       used 6494K, capacity 7320K, committed 7680K, reserved 1056768K
  class space    used 615K, capacity 656K, committed 768K, reserved 1048576K
Event: 10.535 GC heap after
Heap after GC invocations=14 (full 3):
 PSYoungGen      total 279040K, used 17360K [0x00000000eab00000, 0x0000000100000000, 0x0000000100000000)
  eden space 228352K, 0% used [0x00000000eab00000,0x00000000eab00000,0x00000000f8a00000)
  from space 50688K, 34% used [0x00000000f8a00000,0x00000000f9af42f8,0x00000000fbb80000)
  to   space 54784K, 0% used [0x00000000fca80000,0x00000000fca80000,0x0000000100000000)
 ParOldGen       total 238592K, used 145868K [0x00000000c0000000, 0x00000000ce900000, 0x00000000eab00000)
  object space 238592K, 61% used [0x00000000c0000000,0x00000000c8e732e0,0x00000000ce900000)
 Metaspace       used 6494K, capacity 7320K, committed 7680K, reserved 1056768K
  class space    used 615K, capacity 656K, committed 768K, reserved 1048576K
}

